Build started 30-Aug-14 4:37:18 PM.
     1>Project "C:\Users\Pedro\documents\visual studio 2010\Projects\RollBalls\RollBalls\RollBalls.vcxproj" on node 2 (build target(s)).
     1>InitializeBuildStatus:
         Touching "Release\RollBalls.unsuccessfulbuild".
       ClCompile:
         C:\Program Files (x86)\Microsoft Visual Studio 10.0\VC\bin\CL.exe /c /Zi /nologo /W3 /WX- /O2 /Oi /Oy- /GL /D _MBCS /Gm- /EHsc /MD /GS /Gy /fp:precise /Zc:wchar_t /Zc:forScope /Fo"Release\\" /Fd"Release\vc100.pdb" /Gd /TP /analyze- /errorReport:prompt GlutBackend.cpp Lighting.cpp main.cpp Pipeline.cpp Technique.cpp Texture.cpp
         GlutBackend.cpp
         Lighting.cpp
     1>Lighting.cpp(46): warning C4244: 'argument' : conversion from 'const float' to 'GLint', possible loss of data
         main.cpp
         Pipeline.cpp
         Technique.cpp
         Texture.cpp
     1>Texture.cpp(15): warning C4996: 'fopen': This function or variable may be unsafe. Consider using fopen_s instead. To disable deprecation, use _CRT_SECURE_NO_WARNINGS. See online help for details.
                 C:\Program Files (x86)\Microsoft Visual Studio 10.0\VC\include\stdio.h(234) : see declaration of 'fopen'
       Link:
         C:\Program Files (x86)\Microsoft Visual Studio 10.0\VC\bin\link.exe /ERRORREPORT:PROMPT /OUT:"C:\Users\Pedro\documents\visual studio 2010\Projects\RollBalls\Release\RollBalls.exe" /NOLOGO kernel32.lib user32.lib gdi32.lib winspool.lib comdlg32.lib advapi32.lib shell32.lib ole32.lib oleaut32.lib uuid.lib odbc32.lib odbccp32.lib /MANIFEST /ManifestFile:"Release\RollBalls.exe.intermediate.manifest" /MANIFESTUAC:"level='asInvoker' uiAccess='false'" /DEBUG /PDB:"C:\Users\Pedro\documents\visual studio 2010\Projects\RollBalls\Release\RollBalls.pdb" /OPT:REF /OPT:ICF /LTCG /TLBID:1 /DYNAMICBASE /NXCOMPAT /IMPLIB:"C:\Users\Pedro\documents\visual studio 2010\Projects\RollBalls\Release\RollBalls.lib" /MACHINE:X86 Release\Camera.obj
         Release\GlutBackend.obj
         Release\Lighting.obj
         Release\main.obj
         Release\math_3d.obj
         Release\Pipeline.obj
         Release\Technique.obj
         Release\Texture.obj
     1>GlutBackend.obj : error LNK2001: unresolved external symbol __imp__glewInit@0
     1>GlutBackend.obj : error LNK2001: unresolved external symbol __imp__glewGetErrorString@4
     1>Lighting.obj : error LNK2001: unresolved external symbol __imp____glewUniform3f
     1>Lighting.obj : error LNK2001: unresolved external symbol __imp____glewUniformMatrix4fv
     1>Lighting.obj : error LNK2001: unresolved external symbol __imp____glewUniform1i
     1>main.obj : error LNK2001: unresolved external symbol __imp____glewBindBuffer
     1>main.obj : error LNK2001: unresolved external symbol __imp____glewVertexAttribPointer
     1>main.obj : error LNK2001: unresolved external symbol __imp____glewBufferData
     1>main.obj : error LNK2001: unresolved external symbol __imp____glewGenBuffers
     1>main.obj : error LNK2001: unresolved external symbol __imp____glewDisableVertexAttribArray
     1>main.obj : error LNK2001: unresolved external symbol __imp____glewEnableVertexAttribArray
     1>Technique.obj : error LNK2001: unresolved external symbol __imp____glewValidateProgram
     1>Technique.obj : error LNK2001: unresolved external symbol __imp____glewDeleteShader
     1>Technique.obj : error LNK2001: unresolved external symbol __imp____glewCreateShader
     1>Technique.obj : error LNK2001: unresolved external symbol __imp____glewGetShaderInfoLog
     1>Technique.obj : error LNK2001: unresolved external symbol __imp____glewLinkProgram
     1>Technique.obj : error LNK2001: unresolved external symbol __imp____glewCompileShader
     1>Technique.obj : error LNK2001: unresolved external symbol __imp____glewUseProgram
     1>Technique.obj : error LNK2001: unresolved external symbol __imp____glewShaderSource
     1>Technique.obj : error LNK2001: unresolved external symbol __imp____glewGetProgramiv
     1>Technique.obj : error LNK2001: unresolved external symbol __imp____glewDeleteProgram
     1>Technique.obj : error LNK2001: unresolved external symbol __imp____glewGetShaderiv
     1>Technique.obj : error LNK2001: unresolved external symbol __imp____glewGetProgramInfoLog
     1>Technique.obj : error LNK2001: unresolved external symbol __imp____glewCreateProgram
     1>Technique.obj : error LNK2001: unresolved external symbol __imp____glewAttachShader
     1>Technique.obj : error LNK2001: unresolved external symbol __imp____glewGetUniformLocation
     1>Texture.obj : error LNK2001: unresolved external symbol __imp____glewActiveTexture
     1>C:\Users\Pedro\documents\visual studio 2010\Projects\RollBalls\Release\RollBalls.exe : fatal error LNK1120: 27 unresolved externals
     1>Done Building Project "C:\Users\Pedro\documents\visual studio 2010\Projects\RollBalls\RollBalls\RollBalls.vcxproj" (build target(s)) -- FAILED.

Build FAILED.

Time Elapsed 00:00:02.59
